proguard/mapping.txt
com.memory.clear.MainActivity -> com.memory.clear.MainActivity:
    android.widget.TextView processView -> a
    boolean re -> b
    void onCreate(android.os.Bundle) -> onCreate
    long getTotalMemory$faab219() -> a
    void clear(android.view.View) -> clear
    void onBackPressed() -> onBackPressed
    boolean access$0(com.memory.clear.MainActivity) -> a
    void access$1$3409b34e(com.memory.clear.MainActivity) -> b
com.memory.clear.MainActivity$1 -> com.memory.clear.a:
    com.memory.clear.MainActivity this$0 -> a
    void run() -> run
com.memory.clear.MainActivity$2 -> com.memory.clear.b:
    com.memory.clear.MainActivity this$0 -> a
    android.app.ActivityManager val$activityManger -> b
    void onPreExecute() -> onPreExecute
    void onPostExecute(java.lang.Object) -> onPostExecute
    java.lang.Object doInBackground(java.lang.Object[]) -> doInBackground
    com.memory.clear.MainActivity access$2(com.memory.clear.MainActivity$2) -> a
com.memory.clear.MainActivity$2$1 -> com.memory.clear.c:
    com.memory.clear.MainActivity$2 this$1 -> a
    void run() -> run
...
android.support.v4.view.AccessibilityDelegateCompat$AccessibilityDelegateImpl -> android.support.v4.view.d:
    java.lang.Object newAccessiblityDelegateDefaultImpl() -> a
    java.lang.Object newAccessiblityDelegateBridge(android.support.v4.view.AccessibilityDelegateCompat) -> a
    boolean dispatchPopulateAccessibilityEvent(java.lang.Object,android.view.View,android.view.accessibility.AccessibilityEvent) -> a
    void onInitializeAccessibilityEvent(java.lang.Object,android.view.View,android.view.accessibility.AccessibilityEvent) -> b
    void onInitializeAccessibilityNodeInfo(java.lang.Object,android.view.View,android.support.v4.view.accessibility.AccessibilityNodeInfoCompat) -> a
    void onPopulateAccessibilityEvent(java.lang.Object,android.view.View,android.view.accessibility.AccessibilityEvent) -> c
    boolean onRequestSendAccessibilityEvent(java.lang.Object,android.view.ViewGroup,android.view.View,android.view.accessibility.AccessibilityEvent) -> a
    void sendAccessibilityEvent(java.lang.Object,android.view.View,int) -> a
    void sendAccessibilityEventUnchecked(java.lang.Object,android.view.View,android.view.accessibility.AccessibilityEvent) -> d
    android.support.v4.view.accessibility.AccessibilityNodeProviderCompat getAccessibilityNodeProvider(java.lang.Object,android.view.View) -> a
    boolean performAccessibilityAction(java.lang.Object,android.view.View,int,android.os.Bundle) -> a
android.support.v4.view.AccessibilityDelegateCompat$AccessibilityDelegateJellyBeanImpl -> android.support.v4.view.e:
    java.lang.Object newAccessiblityDelegateBridge(android.support.v4.view.AccessibilityDelegateCompat) -> a
    android.support.v4.view.accessibility.AccessibilityNodeProviderCompat getAccessibilityNodeProvider(java.lang.Object,android.view.View) -> a
    boolean performAccessibilityAction(java.lang.Object,android.view.View,int,android.os.Bundle) -> a
android.support.v4.view.AccessibilityDelegateCompat$AccessibilityDelegateJellyBeanImpl$1 -> android.support.v4.view.f:
    android.support.v4.view.AccessibilityDelegateCompat val$compat -> a
    android.support.v4.view.AccessibilityDelegateCompat$AccessibilityDelegateJellyBeanImpl this$0 -> b
    boolean dispatchPopulateAccessibilityEvent(android.view.View,android.view.accessibility.AccessibilityEvent) -> a
    void onInitializeAccessibilityEvent(android.view.View,android.view.accessibility.AccessibilityEvent) -> b
    void onInitializeAccessibilityNodeInfo(android.view.View,java.lang.Object) -> a
    void onPopulateAccessibilityEvent(android.view.View,android.view.accessibility.AccessibilityEvent) -> c
    boolean onRequestSendAccessibilityEvent(android.view.ViewGroup,android.view.View,android.view.accessibility.AccessibilityEvent) -> a
    void sendAccessibilityEvent(android.view.View,int) -> a
    void sendAccessibilityEventUnchecked(android.view.View,android.view.accessibility.AccessibilityEvent) -> d
    java.lang.Object getAccessibilityNodeProvider(android.view.View) -> a
    boolean performAccessibilityAction(android.view.View,int,android.os.Bundle) -> a