proguard/usage.txt
com.memory.clear.BuildConfig
com.memory.clear.R
com.memory.clear.R$attr
com.memory.clear.R$drawable
com.memory.clear.R$id
com.memory.clear.R$layout
com.memory.clear.R$menu
com.memory.clear.R$string
com.memory.clear.R$style
...
android.support.v4.view.accessibility.AccessibilityEventCompat$AccessibilityEventVersionImpl
android.support.v4.view.accessibility.AccessibilityEventCompatIcs
android.support.v4.view.accessibility.AccessibilityManagerCompat
android.support.v4.view.accessibility.AccessibilityManagerCompat$AccessibilityManagerIcsImpl
android.support.v4.view.accessibility.AccessibilityManagerCompat$AccessibilityManagerIcsImpl$1
android.support.v4.view.accessibility.AccessibilityManagerCompat$AccessibilityManagerStubImpl
android.support.v4.view.accessibility.AccessibilityManagerCompat$AccessibilityManagerVersionImpl
android.support.v4.view.accessibility.AccessibilityManagerCompat$AccessibilityStateChangeListenerCompat
android.support.v4.view.accessibility.AccessibilityManagerCompatIcs
android.support.v4.view.accessibility.AccessibilityManagerCompatIcs$1
android.support.v4.view.accessibility.AccessibilityManagerCompatIcs$AccessibilityStateChangeListenerBridge
android.support.v4.view.accessibility.AccessibilityNodeInfoCompat:
    public static final int ACTION_FOCUS
    public static final int ACTION_CLEAR_FOCUS
    public static final int ACTION_SELECT
    public static final int ACTION_CLEAR_SELECTION
    public static final int ACTION_CLICK
    public static final int ACTION_LONG_CLICK
    public static final int ACTION_ACCESSIBILITY_FOCUS
    public static final int ACTION_CLEAR_ACCESSIBILITY_FOCUS
    public static final int ACTION_NEXT_AT_MOVEMENT_GRANULARITY
    public static final int ACTION_PREVIOUS_AT_MOVEMENT_GRANULARITY
    public static final int ACTION_NEXT_HTML_ELEMENT
    public static final int ACTION_PREVIOUS_HTML_ELEMENT
    public static final int ACTION_SCROLL_FORWARD
    public static final int ACTION_SCROLL_BACKWARD
    public static final java.lang.String ACTION_ARGUMENT_MOVEMENT_GRANULARITY_INT
    public static final java.lang.String ACTION_ARGUMENT_HTML_ELEMENT_STRING
    public static final int FOCUS_INPUT
    public static final int FOCUS_ACCESSIBILITY
    public static final int MOVEMENT_GRANULARITY_CHARACTER
    public static final int MOVEMENT_GRANULARITY_WORD
    public static final int MOVEMENT_GRANULARITY_LINE
    public static final int MOVEMENT_GRANULARITY_PARAGRAPH
    public static final int MOVEMENT_GRANULARITY_PAGE
    918:921:static android.support.v4.view.accessibility.AccessibilityNodeInfoCompat wrapNonNullInstance(java.lang.Object)
android.support.v4.view.accessibility.AccessibilityNodeInfoCompat$AccessibilityNodeInfoIcsImpl:
    402:402:public java.lang.Object obtain()
    407:407:public java.lang.Object obtain(android.view.View)
    412:412:public java.lang.Object obtain(java.lang.Object)
    422:423:public void addChild(java.lang.Object,android.view.View)
    427:427:public java.util.List findAccessibilityNodeInfosByText(java.lang.Object,java.lang.String)
    432:432:public int getActions(java.lang.Object)
    437:438:public void getBoundsInParent(java.lang.Object,android.graphics.Rect)
    442:443:public void getBoundsInScreen(java.lang.Object,android.graphics.Rect)
    447:447:public java.lang.Object getChild(java.lang.Object,int)
    452:452:public int getChildCount(java.lang.Object)
    457:457:public java.lang.CharSequence getClassName(java.lang.Object)
    462:462:public java.lang.CharSequence getContentDescription(java.lang.Object)
    467:467:public java.lang.CharSequence getPackageName(java.lang.Object)
    472:472:public java.lang.Object getParent(java.lang.Object)
    477:477:public java.lang.CharSequence getText(java.lang.Object)
    482:482:public int getWindowId(java.lang.Object)
    487:487:public boolean isCheckable(java.lang.Object)
    492:492:public boolean isChecked(java.lang.Object)
    497:497:public boolean isClickable(java.lang.Object)
    502:502:public boolean isEnabled(java.lang.Object)
    507:507:public boolean isFocusable(java.lang.Object)